{
  "RSpec": {
    "coverage": {
      "/Users/student/projects/middle_letter/spec/middle_letter_spec.rb": {
        "lines": [
          1,
          null,
          1,
          null,
          7,
          null,
          1,
          1,
          1,
          null,
          null,
          1,
          1,
          null,
          null,
          1,
          1,
          null,
          null,
          1,
          1,
          null,
          null,
          1,
          1,
          null,
          null,
          1,
          1,
          null,
          null,
          null,
          null,
          null
        ]
      },
      "/Users/student/projects/middle_letter/lib/middle_letter.rb": {
        "lines": [
          1,
          null,
          1,
          null,
          null,
          null,
          6,
          4,
          null,
          2,
          null,
          null,
          null,
          null
        ]
      }
    },
    "timestamp": 1633644344
  }
}
